<?xml version="1.0" encoding="UTF-8"?>
<!-- Generated by org.testng.reporters.JUnitReportReporter -->
<testsuite hostname="NurulAfsar" failures="0" tests="1" name="afsar.tests.DashBoardTest" time="14.220" errors="0" timestamp="2023-08-15T10:05:09 BDT" skipped="0">
  <testcase classname="afsar.tests.DashBoardTest" name="DashboardTest" time="14.220"/>
</testsuite> <!-- afsar.tests.DashBoardTest -->
