<?xml version="1.0" encoding="UTF-8"?>
<!-- Generated by org.testng.reporters.JUnitReportReporter -->
<testsuite hostname="NurulAfsar" failures="0" tests="1" name="afsar.TestCases.DashBoardTest" time="6.138" errors="0" timestamp="2023-08-11T22:28:33 BDT" skipped="0">
  <testcase classname="afsar.TestCases.DashBoardTest" name="DashboardTest" time="6.138"/>
</testsuite> <!-- afsar.TestCases.DashBoardTest -->
