<?xml version="1.0" encoding="UTF-8"?>
<!-- Generated by org.testng.reporters.JUnitReportReporter -->
<testsuite hostname="NurulAfsar" failures="0" tests="1" name="afsar.tests.DashBoardTest" time="7.418" errors="0" timestamp="2023-08-11T23:43:02 BDT" skipped="0">
  <testcase classname="afsar.tests.DashBoardTest" name="DashboardTest" time="7.418"/>
</testsuite> <!-- afsar.tests.DashBoardTest -->
