<?xml version="1.0" encoding="UTF-8"?>
<!-- Generated by org.testng.reporters.JUnitReportReporter -->
<testsuite hostname="NurulAfsar" failures="0" tests="1" name="afsar.tests.LoginTest" time="12.391" errors="0" timestamp="2023-08-11T22:37:23 BDT" skipped="0">
  <testcase classname="afsar.tests.LoginTest" name="loginTest" time="12.391"/>
</testsuite> <!-- afsar.tests.LoginTest -->
