<?xml version="1.0" encoding="UTF-8"?>
<!-- Generated by org.testng.reporters.JUnitReportReporter -->
<testsuite hostname="NurulAfsar" failures="0" tests="1" name="afsar.TestCases.LoginTest" time="5.008" errors="0" timestamp="2023-08-09T14:00:30 BDT" skipped="0">
  <testcase classname="afsar.TestCases.LoginTest" name="loginTest" time="5.008"/>
</testsuite> <!-- afsar.TestCases.LoginTest -->
