<?xml version="1.0" encoding="UTF-8"?>
<!-- Generated by org.testng.reporters.JUnitReportReporter -->
<testsuite hostname="NurulAfsar" failures="0" tests="5" name="afsar.tests.LoginTest" time="61.860" errors="0" timestamp="2023-08-15T11:59:14 BDT" skipped="0">
  <testcase classname="afsar.tests.LoginTest" name="loginTest1" time="12.320"/>
  <testcase classname="afsar.tests.LoginTest" name="loginTest1" time="12.376"/>
  <testcase classname="afsar.tests.LoginTest" name="loginTest1" time="12.481"/>
  <testcase classname="afsar.tests.LoginTest" name="loginTest1" time="12.364"/>
  <testcase classname="afsar.tests.LoginTest" name="loginTest1" time="12.319"/>
</testsuite> <!-- afsar.tests.LoginTest -->
